Array
(
    [selected_tasks] => Array
        (
            [0] => 2.1_dang_tin_khoa
        )

    [quantity_2_1_dang_tin_khoa] => 2
    [total_hours_2_1_dang_tin_khoa] => 10.00
    [quantity_2_1_dang_tin_truong] => 0
    [total_hours_2_1_dang_tin_truong] => 0
    [quantity_2_2_quan_tri_web_fanpage_muc_1] => 0
    [total_hours_2_2_quan_tri_web_fanpage_muc_1] => 0
    [quantity_2_2_quan_tri_web_fanpage_muc_2] => 0
    [total_hours_2_2_quan_tri_web_fanpage_muc_2] => 0
    [quantity_2_2_quan_tri_web_fanpage_muc_3] => 0
    [total_hours_2_2_quan_tri_web_fanpage_muc_3] => 0
    [quantity_2_3_truyen_thong_quang_ba] => 0
    [real_hours_2_3_truyen_thong_quang_ba] => 0
    [total_hours_2_3_truyen_thong_quang_ba] => 0
    [quantity_2_4_tuyen_sinh_nhap_hoc] => 0
    [real_hours_2_4_tuyen_sinh_nhap_hoc] => 0
    [total_hours_2_4_tuyen_sinh_nhap_hoc] => 0
    [quantity_2_5_ho_tro_quang_ba_tuyen_sinh] => 0
    [real_hours_2_5_ho_tro_quang_ba_tuyen_sinh] => 0
    [total_hours_2_5_ho_tro_quang_ba_tuyen_sinh] => 0
    [quantity_3_1_chung_chi_chuyen_mon] => 0
    [total_hours_3_1_chung_chi_chuyen_mon] => 0
    [quantity_3_2_chung_chi_nang_cao_chat_luong] => 0
    [total_hours_3_2_chung_chi_nang_cao_chat_luong] => 0
    [quantity_3_3_hoi_thao_trong_nuoc] => 0
    [total_hours_3_3_hoi_thao_trong_nuoc] => 0
    [quantity_3_3_hoi_thao_quoc_te] => 0
    [total_hours_3_3_hoi_thao_quoc_te] => 0
    [quantity_3_4_sinh_hoat_khoa] => 0
    [total_hours_3_4_sinh_hoat_khoa] => 0
    [quantity_3_4_sinh_hoat_truong] => 0
    [total_hours_3_4_sinh_hoat_truong] => 0
    [quantity_3_5_seminar_nguoi_trinh_bay] => 0
    [total_hours_3_5_seminar_nguoi_trinh_bay] => 0
    [quantity_3_5_seminar_nguoi_tham_du] => 0
    [total_hours_3_5_seminar_nguoi_tham_du] => 0
    [quantity_3_6_sinh_hoat_chuyen_mon_bo_mon] => 0
    [total_hours_3_6_sinh_hoat_chuyen_mon_bo_mon] => 0
    [quantity_3_7_du_gio_chuyen_mon] => 0
    [total_hours_3_7_du_gio_chuyen_mon] => 0
    [quantity_3_8_tap_huan_ly_luan_chinh_tri] => 0
    [real_hours_3_8_tap_huan_ly_luan_chinh_tri] => 0
    [total_hours_3_8_tap_huan_ly_luan_chinh_tri] => 0
    [quantity_3_9_hop_chi_bo] => 0
    [total_hours_3_9_hop_chi_bo] => 0
    [quantity_3_10_hop_cong_doan] => 0
    [total_hours_3_10_hop_cong_doan] => 0
    [quantity_3_11_hop_doan_thanh_nien] => 0
    [total_hours_3_11_hop_doan_thanh_nien] => 0
    [quantity_3_12_hop_trao_doi_chuyen_mon] => 0
    [total_hours_3_12_hop_trao_doi_chuyen_mon] => 0
    [quantity_3_13_cong_tac_ngoai_truong] => 0
    [real_hours_3_13_cong_tac_ngoai_truong] => 0
    [total_hours_3_13_cong_tac_ngoai_truong] => 0
    [quantity_3_14_nghien_cuu_sinh] => 0
    [total_hours_3_14_nghien_cuu_sinh] => 0
    [quantity_3_15_tro_giang_cao_hoc] => 0
    [total_hours_3_15_tro_giang_cao_hoc] => 0
)
Array
(
    [year] => 2025
    [quantity_1_chu_tich_thu_ky_hoi_dong_khoa_hoc_dao_tao] => 0
    [total_hours_1_chu_tich_thu_ky_hoi_dong_khoa_hoc_dao_tao] => 0
    [quantity_1_uy_vien_hoi_dong_khoa_hoc_dao_tao] => 0
    [total_hours_1_uy_vien_hoi_dong_khoa_hoc_dao_tao] => 0
    [quantity_2_chu_tich_thu_ky_hoi_dong_khoa] => 0
    [total_hours_2_chu_tich_thu_ky_hoi_dong_khoa] => 0
    [quantity_2_uy_vien_hoi_dong_khoa] => 0
    [total_hours_2_uy_vien_hoi_dong_khoa] => 0
    [quantity_3_chu_tich_thu_ky_hoi_dong_dam_bao_chat_luong] => 0
    [total_hours_3_chu_tich_thu_ky_hoi_dong_dam_bao_chat_luong] => 0
    [quantity_3_uy_vien_hoi_dong_dam_bao_chat_luong] => 0
    [total_hours_3_uy_vien_hoi_dong_dam_bao_chat_luong] => 0
    [quantity_4_chu_tich_pho_chu_tich_hoi_dong_danh_gia_ctdt] => 0
    [total_hours_4_chu_tich_pho_chu_tich_hoi_dong_danh_gia_ctdt] => 0
    [quantity_4_thu_ky_hoi_dong_danh_gia_ctdt] => 0
    [total_hours_4_thu_ky_hoi_dong_danh_gia_ctdt] => 0
    [quantity_4_uy_vien_hoi_dong_danh_gia_ctdt] => 0
    [total_hours_4_uy_vien_hoi_dong_danh_gia_ctdt] => 0
    [quantity_5_1_chu_nhiem_uy_ban_kiem_tra_dang_uy_truong] => 0
    [total_hours_5_1_chu_nhiem_uy_ban_kiem_tra_dang_uy_truong] => 0
    [quantity_5_1_pho_chu_nhiem_uy_ban_kiem_tra_dang_uy_truong] => 0
    [total_hours_5_1_pho_chu_nhiem_uy_ban_kiem_tra_dang_uy_truong] => 0
    [quantity_5_1_uy_vien_uy_ban_kiem_tra_dang_uy_truong] => 0
    [total_hours_5_1_uy_vien_uy_ban_kiem_tra_dang_uy_truong] => 0
    [quantity_5_2_chi_bo_duoi_20_dang_vien] => 0
    [total_hours_5_2_chi_bo_duoi_20_dang_vien] => 0
    [quantity_5_2_chi_bo_20_dang_vien_tro_len] => 0
    [total_hours_5_2_chi_bo_20_dang_vien_tro_len] => 0
    [quantity_5_2_chi_bo_40_dang_vien_tro_len] => 0
    [total_hours_5_2_chi_bo_40_dang_vien_tro_len] => 0
    [selected_tasks] => Array
        (
            [0] => 5.3_chu_nhiem_uy_ban_kiem_tra_cong_doan_truong
        )

    [quantity_5_3_chu_nhiem_uy_ban_kiem_tra_cong_doan_truong] => 012
    [total_hours_5_3_chu_nhiem_uy_ban_kiem_tra_cong_doan_truong] => 540.00
    [quantity_5_3_pho_chu_nhiem_uy_ban_kiem_tra_cong_doan_truong] => 0
    [total_hours_5_3_pho_chu_nhiem_uy_ban_kiem_tra_cong_doan_truong] => 0
    [quantity_5_3_uy_vien_uy_ban_kiem_tra_cong_doan_truong] => 0
    [total_hours_5_3_uy_vien_uy_ban_kiem_tra_cong_doan_truong] => 0
    [quantity_5_4_pho_chu_nhiem_ban_thanh_tra_nhan_dan] => 0
    [total_hours_5_4_pho_chu_nhiem_ban_thanh_tra_nhan_dan] => 0
    [quantity_5_4_uy_vien_ban_thanh_tra_nhan_dan] => 0
    [total_hours_5_4_uy_vien_ban_thanh_tra_nhan_dan] => 0
    [quantity_5_5_pho_chu_nhiem_ban_nu_cong_truong] => 0
    [total_hours_5_5_pho_chu_nhiem_ban_nu_cong_truong] => 0
    [quantity_5_5_uy_vien_ban_nu_cong_truong] => 0
    [total_hours_5_5_uy_vien_ban_nu_cong_truong] => 0
    [quantity_5_6_to_truong_to_nu_cong] => 0
    [total_hours_5_6_to_truong_to_nu_cong] => 0
    [quantity_5_7_uy_vien_bch_doan_truong] => 0
    [total_hours_5_7_uy_vien_bch_doan_truong] => 0
    [quantity_5_7_pho_bi_thu_lien_chi] => 0
    [total_hours_5_7_pho_bi_thu_lien_chi] => 0
    [quantity_5_7_uy_vien_bch_lien_chi] => 0
    [total_hours_5_7_uy_vien_bch_lien_chi] => 0
    [quantity_6_tham_gia_hoi_dong_tuyen_dung_hop_dong_lao_dong] => 0
    [total_hours_6_tham_gia_hoi_dong_tuyen_dung_hop_dong_lao_dong] => 0
    [quantity_7_tham_gia_ban_phong_chay_chua_chay_truong] => 0
    [total_hours_7_tham_gia_ban_phong_chay_chua_chay_truong] => 0
    [quantity_8_thanh_vien_hoi_dong_du_gio] => 0
    [total_hours_8_thanh_vien_hoi_dong_du_gio] => 0
    [quantity_9_uy_vien_bch_hoi_cuu_chien_binh_truong] => 0
    [total_hours_9_uy_vien_bch_hoi_cuu_chien_binh_truong] => 0
)
Array
(
    [year] => 2025
    [quantity_1_chu_tich_thu_ky_hoi_dong_khoa_hoc_dao_tao] => 0
    [total_hours_1_chu_tich_thu_ky_hoi_dong_khoa_hoc_dao_tao] => 0
    [quantity_1_uy_vien_hoi_dong_khoa_hoc_dao_tao] => 0
    [total_hours_1_uy_vien_hoi_dong_khoa_hoc_dao_tao] => 0
    [quantity_2_chu_tich_thu_ky_hoi_dong_khoa] => 0
    [total_hours_2_chu_tich_thu_ky_hoi_dong_khoa] => 0
    [quantity_2_uy_vien_hoi_dong_khoa] => 0
    [total_hours_2_uy_vien_hoi_dong_khoa] => 0
    [quantity_3_chu_tich_thu_ky_hoi_dong_dam_bao_chat_luong] => 0
    [total_hours_3_chu_tich_thu_ky_hoi_dong_dam_bao_chat_luong] => 0
    [quantity_3_uy_vien_hoi_dong_dam_bao_chat_luong] => 0
    [total_hours_3_uy_vien_hoi_dong_dam_bao_chat_luong] => 0
    [quantity_4_chu_tich_pho_chu_tich_hoi_dong_danh_gia_ctdt] => 0
    [total_hours_4_chu_tich_pho_chu_tich_hoi_dong_danh_gia_ctdt] => 0
    [quantity_4_thu_ky_hoi_dong_danh_gia_ctdt] => 0
    [total_hours_4_thu_ky_hoi_dong_danh_gia_ctdt] => 0
    [quantity_4_uy_vien_hoi_dong_danh_gia_ctdt] => 0
    [total_hours_4_uy_vien_hoi_dong_danh_gia_ctdt] => 0
    [quantity_5_1_chu_nhiem_uy_ban_kiem_tra_dang_uy_truong] => 0
    [total_hours_5_1_chu_nhiem_uy_ban_kiem_tra_dang_uy_truong] => 0
    [quantity_5_1_pho_chu_nhiem_uy_ban_kiem_tra_dang_uy_truong] => 0
    [total_hours_5_1_pho_chu_nhiem_uy_ban_kiem_tra_dang_uy_truong] => 0
    [quantity_5_1_uy_vien_uy_ban_kiem_tra_dang_uy_truong] => 0
    [total_hours_5_1_uy_vien_uy_ban_kiem_tra_dang_uy_truong] => 0
    [quantity_5_2_chi_bo_duoi_20_dang_vien] => 0
    [total_hours_5_2_chi_bo_duoi_20_dang_vien] => 0
    [quantity_5_2_chi_bo_20_dang_vien_tro_len] => 0
    [total_hours_5_2_chi_bo_20_dang_vien_tro_len] => 0
    [quantity_5_2_chi_bo_40_dang_vien_tro_len] => 0
    [total_hours_5_2_chi_bo_40_dang_vien_tro_len] => 0
    [quantity_5_3_chu_nhiem_uy_ban_kiem_tra_cong_doan_truong] => 0
    [total_hours_5_3_chu_nhiem_uy_ban_kiem_tra_cong_doan_truong] => 0
    [quantity_5_3_pho_chu_nhiem_uy_ban_kiem_tra_cong_doan_truong] => 0
    [total_hours_5_3_pho_chu_nhiem_uy_ban_kiem_tra_cong_doan_truong] => 0
    [quantity_5_3_uy_vien_uy_ban_kiem_tra_cong_doan_truong] => 0
    [total_hours_5_3_uy_vien_uy_ban_kiem_tra_cong_doan_truong] => 0
    [quantity_5_4_pho_chu_nhiem_ban_thanh_tra_nhan_dan] => 0
    [total_hours_5_4_pho_chu_nhiem_ban_thanh_tra_nhan_dan] => 0
    [quantity_5_4_uy_vien_ban_thanh_tra_nhan_dan] => 0
    [total_hours_5_4_uy_vien_ban_thanh_tra_nhan_dan] => 0
    [quantity_5_5_pho_chu_nhiem_ban_nu_cong_truong] => 0
    [total_hours_5_5_pho_chu_nhiem_ban_nu_cong_truong] => 0
    [quantity_5_5_uy_vien_ban_nu_cong_truong] => 0
    [total_hours_5_5_uy_vien_ban_nu_cong_truong] => 0
    [selected_tasks] => Array
        (
            [0] => 5.6_to_truong_to_nu_cong
        )

    [quantity_5_6_to_truong_to_nu_cong] => 012
    [total_hours_5_6_to_truong_to_nu_cong] => 64.80
    [quantity_5_7_uy_vien_bch_doan_truong] => 0
    [total_hours_5_7_uy_vien_bch_doan_truong] => 0
    [quantity_5_7_pho_bi_thu_lien_chi] => 0
    [total_hours_5_7_pho_bi_thu_lien_chi] => 0
    [quantity_5_7_uy_vien_bch_lien_chi] => 0
    [total_hours_5_7_uy_vien_bch_lien_chi] => 0
    [quantity_6_tham_gia_hoi_dong_tuyen_dung_hop_dong_lao_dong] => 0
    [total_hours_6_tham_gia_hoi_dong_tuyen_dung_hop_dong_lao_dong] => 0
    [quantity_7_tham_gia_ban_phong_chay_chua_chay_truong] => 0
    [total_hours_7_tham_gia_ban_phong_chay_chua_chay_truong] => 0
    [quantity_8_thanh_vien_hoi_dong_du_gio] => 0
    [total_hours_8_thanh_vien_hoi_dong_du_gio] => 0
    [quantity_9_uy_vien_bch_hoi_cuu_chien_binh_truong] => 0
    [total_hours_9_uy_vien_bch_hoi_cuu_chien_binh_truong] => 0
)
Array
(
    [year] => 2025
    [quantity_1_chu_tich_thu_ky_hoi_dong_khoa_hoc_dao_tao] => 0
    [total_hours_1_chu_tich_thu_ky_hoi_dong_khoa_hoc_dao_tao] => 0
    [quantity_1_uy_vien_hoi_dong_khoa_hoc_dao_tao] => 0
    [total_hours_1_uy_vien_hoi_dong_khoa_hoc_dao_tao] => 0
    [quantity_2_chu_tich_thu_ky_hoi_dong_khoa] => 0
    [total_hours_2_chu_tich_thu_ky_hoi_dong_khoa] => 0
    [quantity_2_uy_vien_hoi_dong_khoa] => 0
    [total_hours_2_uy_vien_hoi_dong_khoa] => 0
    [quantity_3_chu_tich_thu_ky_hoi_dong_dam_bao_chat_luong] => 0
    [total_hours_3_chu_tich_thu_ky_hoi_dong_dam_bao_chat_luong] => 0
    [quantity_3_uy_vien_hoi_dong_dam_bao_chat_luong] => 0
    [total_hours_3_uy_vien_hoi_dong_dam_bao_chat_luong] => 0
    [quantity_4_chu_tich_pho_chu_tich_hoi_dong_danh_gia_ctdt] => 0
    [total_hours_4_chu_tich_pho_chu_tich_hoi_dong_danh_gia_ctdt] => 0
    [quantity_4_thu_ky_hoi_dong_danh_gia_ctdt] => 0
    [total_hours_4_thu_ky_hoi_dong_danh_gia_ctdt] => 0
    [quantity_4_uy_vien_hoi_dong_danh_gia_ctdt] => 0
    [total_hours_4_uy_vien_hoi_dong_danh_gia_ctdt] => 0
    [quantity_5_1_chu_nhiem_uy_ban_kiem_tra_dang_uy_truong] => 0
    [total_hours_5_1_chu_nhiem_uy_ban_kiem_tra_dang_uy_truong] => 0
    [quantity_5_1_pho_chu_nhiem_uy_ban_kiem_tra_dang_uy_truong] => 0
    [total_hours_5_1_pho_chu_nhiem_uy_ban_kiem_tra_dang_uy_truong] => 0
    [quantity_5_1_uy_vien_uy_ban_kiem_tra_dang_uy_truong] => 0
    [total_hours_5_1_uy_vien_uy_ban_kiem_tra_dang_uy_truong] => 0
    [quantity_5_2_chi_bo_duoi_20_dang_vien] => 0
    [total_hours_5_2_chi_bo_duoi_20_dang_vien] => 0
    [quantity_5_2_chi_bo_20_dang_vien_tro_len] => 0
    [total_hours_5_2_chi_bo_20_dang_vien_tro_len] => 0
    [quantity_5_2_chi_bo_40_dang_vien_tro_len] => 0
    [total_hours_5_2_chi_bo_40_dang_vien_tro_len] => 0
    [quantity_5_3_chu_nhiem_uy_ban_kiem_tra_cong_doan_truong] => 0
    [total_hours_5_3_chu_nhiem_uy_ban_kiem_tra_cong_doan_truong] => 0
    [quantity_5_3_pho_chu_nhiem_uy_ban_kiem_tra_cong_doan_truong] => 0
    [total_hours_5_3_pho_chu_nhiem_uy_ban_kiem_tra_cong_doan_truong] => 0
    [quantity_5_3_uy_vien_uy_ban_kiem_tra_cong_doan_truong] => 0
    [total_hours_5_3_uy_vien_uy_ban_kiem_tra_cong_doan_truong] => 0
    [quantity_5_4_pho_chu_nhiem_ban_thanh_tra_nhan_dan] => 0
    [total_hours_5_4_pho_chu_nhiem_ban_thanh_tra_nhan_dan] => 0
    [quantity_5_4_uy_vien_ban_thanh_tra_nhan_dan] => 0
    [total_hours_5_4_uy_vien_ban_thanh_tra_nhan_dan] => 0
    [quantity_5_5_pho_chu_nhiem_ban_nu_cong_truong] => 0
    [total_hours_5_5_pho_chu_nhiem_ban_nu_cong_truong] => 0
    [quantity_5_5_uy_vien_ban_nu_cong_truong] => 0
    [total_hours_5_5_uy_vien_ban_nu_cong_truong] => 0
    [selected_tasks] => Array
        (
            [0] => 5.6_to_truong_to_nu_cong
        )

    [quantity_5_6_to_truong_to_nu_cong] => 012
    [total_hours_5_6_to_truong_to_nu_cong] => 64.80
    [quantity_5_7_uy_vien_bch_doan_truong] => 0
    [total_hours_5_7_uy_vien_bch_doan_truong] => 0
    [quantity_5_7_pho_bi_thu_lien_chi] => 0
    [total_hours_5_7_pho_bi_thu_lien_chi] => 0
    [quantity_5_7_uy_vien_bch_lien_chi] => 0
    [total_hours_5_7_uy_vien_bch_lien_chi] => 0
    [quantity_6_tham_gia_hoi_dong_tuyen_dung_hop_dong_lao_dong] => 0
    [total_hours_6_tham_gia_hoi_dong_tuyen_dung_hop_dong_lao_dong] => 0
    [quantity_7_tham_gia_ban_phong_chay_chua_chay_truong] => 0
    [total_hours_7_tham_gia_ban_phong_chay_chua_chay_truong] => 0
    [quantity_8_thanh_vien_hoi_dong_du_gio] => 0
    [total_hours_8_thanh_vien_hoi_dong_du_gio] => 0
    [quantity_9_uy_vien_bch_hoi_cuu_chien_binh_truong] => 0
    [total_hours_9_uy_vien_bch_hoi_cuu_chien_binh_truong] => 0
)
Array
(
    [year] => 2025
    [quantity_1_chu_tich_thu_ky_hoi_dong_khoa_hoc_dao_tao] => 0
    [total_hours_1_chu_tich_thu_ky_hoi_dong_khoa_hoc_dao_tao] => 0
    [quantity_1_uy_vien_hoi_dong_khoa_hoc_dao_tao] => 0
    [total_hours_1_uy_vien_hoi_dong_khoa_hoc_dao_tao] => 0
    [quantity_2_chu_tich_thu_ky_hoi_dong_khoa] => 0
    [total_hours_2_chu_tich_thu_ky_hoi_dong_khoa] => 0
    [quantity_2_uy_vien_hoi_dong_khoa] => 0
    [total_hours_2_uy_vien_hoi_dong_khoa] => 0
    [quantity_3_chu_tich_thu_ky_hoi_dong_dam_bao_chat_luong] => 0
    [total_hours_3_chu_tich_thu_ky_hoi_dong_dam_bao_chat_luong] => 0
    [quantity_3_uy_vien_hoi_dong_dam_bao_chat_luong] => 0
    [total_hours_3_uy_vien_hoi_dong_dam_bao_chat_luong] => 0
    [quantity_4_chu_tich_pho_chu_tich_hoi_dong_danh_gia_ctdt] => 0
    [total_hours_4_chu_tich_pho_chu_tich_hoi_dong_danh_gia_ctdt] => 0
    [quantity_4_thu_ky_hoi_dong_danh_gia_ctdt] => 0
    [total_hours_4_thu_ky_hoi_dong_danh_gia_ctdt] => 0
    [quantity_4_uy_vien_hoi_dong_danh_gia_ctdt] => 0
    [total_hours_4_uy_vien_hoi_dong_danh_gia_ctdt] => 0
    [quantity_5_1_chu_nhiem_uy_ban_kiem_tra_dang_uy_truong] => 0
    [total_hours_5_1_chu_nhiem_uy_ban_kiem_tra_dang_uy_truong] => 0
    [quantity_5_1_pho_chu_nhiem_uy_ban_kiem_tra_dang_uy_truong] => 0
    [total_hours_5_1_pho_chu_nhiem_uy_ban_kiem_tra_dang_uy_truong] => 0
    [quantity_5_1_uy_vien_uy_ban_kiem_tra_dang_uy_truong] => 0
    [total_hours_5_1_uy_vien_uy_ban_kiem_tra_dang_uy_truong] => 0
    [quantity_5_2_chi_bo_duoi_20_dang_vien] => 0
    [total_hours_5_2_chi_bo_duoi_20_dang_vien] => 0
    [quantity_5_2_chi_bo_20_dang_vien_tro_len] => 0
    [total_hours_5_2_chi_bo_20_dang_vien_tro_len] => 0
    [quantity_5_2_chi_bo_40_dang_vien_tro_len] => 0
    [total_hours_5_2_chi_bo_40_dang_vien_tro_len] => 0
    [quantity_5_3_chu_nhiem_uy_ban_kiem_tra_cong_doan_truong] => 0
    [total_hours_5_3_chu_nhiem_uy_ban_kiem_tra_cong_doan_truong] => 0
    [quantity_5_3_pho_chu_nhiem_uy_ban_kiem_tra_cong_doan_truong] => 0
    [total_hours_5_3_pho_chu_nhiem_uy_ban_kiem_tra_cong_doan_truong] => 0
    [quantity_5_3_uy_vien_uy_ban_kiem_tra_cong_doan_truong] => 0
    [total_hours_5_3_uy_vien_uy_ban_kiem_tra_cong_doan_truong] => 0
    [quantity_5_4_pho_chu_nhiem_ban_thanh_tra_nhan_dan] => 0
    [total_hours_5_4_pho_chu_nhiem_ban_thanh_tra_nhan_dan] => 0
    [quantity_5_4_uy_vien_ban_thanh_tra_nhan_dan] => 0
    [total_hours_5_4_uy_vien_ban_thanh_tra_nhan_dan] => 0
    [quantity_5_5_pho_chu_nhiem_ban_nu_cong_truong] => 0
    [total_hours_5_5_pho_chu_nhiem_ban_nu_cong_truong] => 0
    [quantity_5_5_uy_vien_ban_nu_cong_truong] => 0
    [total_hours_5_5_uy_vien_ban_nu_cong_truong] => 0
    [selected_tasks] => Array
        (
            [0] => 5.6_to_truong_to_nu_cong
        )

    [quantity_5_6_to_truong_to_nu_cong] => 012
    [total_hours_5_6_to_truong_to_nu_cong] => 64.80
    [quantity_5_7_uy_vien_bch_doan_truong] => 0
    [total_hours_5_7_uy_vien_bch_doan_truong] => 0
    [quantity_5_7_pho_bi_thu_lien_chi] => 0
    [total_hours_5_7_pho_bi_thu_lien_chi] => 0
    [quantity_5_7_uy_vien_bch_lien_chi] => 0
    [total_hours_5_7_uy_vien_bch_lien_chi] => 0
    [quantity_6_tham_gia_hoi_dong_tuyen_dung_hop_dong_lao_dong] => 0
    [total_hours_6_tham_gia_hoi_dong_tuyen_dung_hop_dong_lao_dong] => 0
    [quantity_7_tham_gia_ban_phong_chay_chua_chay_truong] => 0
    [total_hours_7_tham_gia_ban_phong_chay_chua_chay_truong] => 0
    [quantity_8_thanh_vien_hoi_dong_du_gio] => 0
    [total_hours_8_thanh_vien_hoi_dong_du_gio] => 0
    [quantity_9_uy_vien_bch_hoi_cuu_chien_binh_truong] => 0
    [total_hours_9_uy_vien_bch_hoi_cuu_chien_binh_truong] => 0
)
Array
(
    [year] => 2025
    [quantity_1_chu_tich_thu_ky_hoi_dong_khoa_hoc_dao_tao] => 0
    [total_hours_1_chu_tich_thu_ky_hoi_dong_khoa_hoc_dao_tao] => 0
    [quantity_1_uy_vien_hoi_dong_khoa_hoc_dao_tao] => 0
    [total_hours_1_uy_vien_hoi_dong_khoa_hoc_dao_tao] => 0
    [quantity_2_chu_tich_thu_ky_hoi_dong_khoa] => 0
    [total_hours_2_chu_tich_thu_ky_hoi_dong_khoa] => 0
    [quantity_2_uy_vien_hoi_dong_khoa] => 0
    [total_hours_2_uy_vien_hoi_dong_khoa] => 0
    [quantity_3_chu_tich_thu_ky_hoi_dong_dam_bao_chat_luong] => 0
    [total_hours_3_chu_tich_thu_ky_hoi_dong_dam_bao_chat_luong] => 0
    [quantity_3_uy_vien_hoi_dong_dam_bao_chat_luong] => 0
    [total_hours_3_uy_vien_hoi_dong_dam_bao_chat_luong] => 0
    [quantity_4_chu_tich_pho_chu_tich_hoi_dong_danh_gia_ctdt] => 0
    [total_hours_4_chu_tich_pho_chu_tich_hoi_dong_danh_gia_ctdt] => 0
    [quantity_4_thu_ky_hoi_dong_danh_gia_ctdt] => 0
    [total_hours_4_thu_ky_hoi_dong_danh_gia_ctdt] => 0
    [quantity_4_uy_vien_hoi_dong_danh_gia_ctdt] => 0
    [total_hours_4_uy_vien_hoi_dong_danh_gia_ctdt] => 0
    [quantity_5_1_chu_nhiem_uy_ban_kiem_tra_dang_uy_truong] => 0
    [total_hours_5_1_chu_nhiem_uy_ban_kiem_tra_dang_uy_truong] => 0
    [quantity_5_1_pho_chu_nhiem_uy_ban_kiem_tra_dang_uy_truong] => 0
    [total_hours_5_1_pho_chu_nhiem_uy_ban_kiem_tra_dang_uy_truong] => 0
    [quantity_5_1_uy_vien_uy_ban_kiem_tra_dang_uy_truong] => 0
    [total_hours_5_1_uy_vien_uy_ban_kiem_tra_dang_uy_truong] => 0
    [quantity_5_2_chi_bo_duoi_20_dang_vien] => 0
    [total_hours_5_2_chi_bo_duoi_20_dang_vien] => 0
    [quantity_5_2_chi_bo_20_dang_vien_tro_len] => 0
    [total_hours_5_2_chi_bo_20_dang_vien_tro_len] => 0
    [quantity_5_2_chi_bo_40_dang_vien_tro_len] => 0
    [total_hours_5_2_chi_bo_40_dang_vien_tro_len] => 0
    [selected_tasks] => Array
        (
            [0] => 5.3_chu_nhiem_uy_ban_kiem_tra_cong_doan_truong
            [1] => 5.6_to_truong_to_nu_cong
        )

    [quantity_5_3_chu_nhiem_uy_ban_kiem_tra_cong_doan_truong] => 12
    [total_hours_5_3_chu_nhiem_uy_ban_kiem_tra_cong_doan_truong] => 540.00
    [quantity_5_3_pho_chu_nhiem_uy_ban_kiem_tra_cong_doan_truong] => 0
    [total_hours_5_3_pho_chu_nhiem_uy_ban_kiem_tra_cong_doan_truong] => 0
    [quantity_5_3_uy_vien_uy_ban_kiem_tra_cong_doan_truong] => 0
    [total_hours_5_3_uy_vien_uy_ban_kiem_tra_cong_doan_truong] => 0
    [quantity_5_4_pho_chu_nhiem_ban_thanh_tra_nhan_dan] => 0
    [total_hours_5_4_pho_chu_nhiem_ban_thanh_tra_nhan_dan] => 0
    [quantity_5_4_uy_vien_ban_thanh_tra_nhan_dan] => 0
    [total_hours_5_4_uy_vien_ban_thanh_tra_nhan_dan] => 0
    [quantity_5_5_pho_chu_nhiem_ban_nu_cong_truong] => 0
    [total_hours_5_5_pho_chu_nhiem_ban_nu_cong_truong] => 0
    [quantity_5_5_uy_vien_ban_nu_cong_truong] => 0
    [total_hours_5_5_uy_vien_ban_nu_cong_truong] => 0
    [quantity_5_6_to_truong_to_nu_cong] => 12
    [total_hours_5_6_to_truong_to_nu_cong] => 64.80
    [quantity_5_7_uy_vien_bch_doan_truong] => 0
    [total_hours_5_7_uy_vien_bch_doan_truong] => 0
    [quantity_5_7_pho_bi_thu_lien_chi] => 0
    [total_hours_5_7_pho_bi_thu_lien_chi] => 0
    [quantity_5_7_uy_vien_bch_lien_chi] => 0
    [total_hours_5_7_uy_vien_bch_lien_chi] => 0
    [quantity_6_tham_gia_hoi_dong_tuyen_dung_hop_dong_lao_dong] => 0
    [total_hours_6_tham_gia_hoi_dong_tuyen_dung_hop_dong_lao_dong] => 0
    [quantity_7_tham_gia_ban_phong_chay_chua_chay_truong] => 0
    [total_hours_7_tham_gia_ban_phong_chay_chua_chay_truong] => 0
    [quantity_8_thanh_vien_hoi_dong_du_gio] => 0
    [total_hours_8_thanh_vien_hoi_dong_du_gio] => 0
    [quantity_9_uy_vien_bch_hoi_cuu_chien_binh_truong] => 0
    [total_hours_9_uy_vien_bch_hoi_cuu_chien_binh_truong] => 0
)
Array
(
    [year] => 2024
    [quantity_1_chu_tich_thu_ky_hoi_dong_khoa_hoc_dao_tao] => 0
    [total_hours_1_chu_tich_thu_ky_hoi_dong_khoa_hoc_dao_tao] => 0
    [quantity_1_uy_vien_hoi_dong_khoa_hoc_dao_tao] => 0
    [total_hours_1_uy_vien_hoi_dong_khoa_hoc_dao_tao] => 0
    [quantity_2_chu_tich_thu_ky_hoi_dong_khoa] => 0
    [total_hours_2_chu_tich_thu_ky_hoi_dong_khoa] => 0
    [quantity_2_uy_vien_hoi_dong_khoa] => 0
    [total_hours_2_uy_vien_hoi_dong_khoa] => 0
    [quantity_3_chu_tich_thu_ky_hoi_dong_dam_bao_chat_luong] => 0
    [total_hours_3_chu_tich_thu_ky_hoi_dong_dam_bao_chat_luong] => 0
    [quantity_3_uy_vien_hoi_dong_dam_bao_chat_luong] => 0
    [total_hours_3_uy_vien_hoi_dong_dam_bao_chat_luong] => 0
    [quantity_4_chu_tich_pho_chu_tich_hoi_dong_danh_gia_ctdt] => 0
    [total_hours_4_chu_tich_pho_chu_tich_hoi_dong_danh_gia_ctdt] => 0
    [quantity_4_thu_ky_hoi_dong_danh_gia_ctdt] => 0
    [total_hours_4_thu_ky_hoi_dong_danh_gia_ctdt] => 0
    [quantity_4_uy_vien_hoi_dong_danh_gia_ctdt] => 0
    [total_hours_4_uy_vien_hoi_dong_danh_gia_ctdt] => 0
    [quantity_5_1_chu_nhiem_uy_ban_kiem_tra_dang_uy_truong] => 0
    [total_hours_5_1_chu_nhiem_uy_ban_kiem_tra_dang_uy_truong] => 0
    [quantity_5_1_pho_chu_nhiem_uy_ban_kiem_tra_dang_uy_truong] => 0
    [total_hours_5_1_pho_chu_nhiem_uy_ban_kiem_tra_dang_uy_truong] => 0
    [quantity_5_1_uy_vien_uy_ban_kiem_tra_dang_uy_truong] => 0
    [total_hours_5_1_uy_vien_uy_ban_kiem_tra_dang_uy_truong] => 0
    [quantity_5_2_chi_bo_duoi_20_dang_vien] => 0
    [total_hours_5_2_chi_bo_duoi_20_dang_vien] => 0
    [quantity_5_2_chi_bo_20_dang_vien_tro_len] => 0
    [total_hours_5_2_chi_bo_20_dang_vien_tro_len] => 0
    [quantity_5_2_chi_bo_40_dang_vien_tro_len] => 0
    [total_hours_5_2_chi_bo_40_dang_vien_tro_len] => 0
    [quantity_5_3_chu_nhiem_uy_ban_kiem_tra_cong_doan_truong] => 0
    [total_hours_5_3_chu_nhiem_uy_ban_kiem_tra_cong_doan_truong] => 0
    [quantity_5_3_pho_chu_nhiem_uy_ban_kiem_tra_cong_doan_truong] => 0
    [total_hours_5_3_pho_chu_nhiem_uy_ban_kiem_tra_cong_doan_truong] => 0
    [quantity_5_3_uy_vien_uy_ban_kiem_tra_cong_doan_truong] => 0
    [total_hours_5_3_uy_vien_uy_ban_kiem_tra_cong_doan_truong] => 0
    [quantity_5_4_pho_chu_nhiem_ban_thanh_tra_nhan_dan] => 0
    [total_hours_5_4_pho_chu_nhiem_ban_thanh_tra_nhan_dan] => 0
    [quantity_5_4_uy_vien_ban_thanh_tra_nhan_dan] => 0
    [total_hours_5_4_uy_vien_ban_thanh_tra_nhan_dan] => 0
    [quantity_5_5_pho_chu_nhiem_ban_nu_cong_truong] => 0
    [total_hours_5_5_pho_chu_nhiem_ban_nu_cong_truong] => 0
    [quantity_5_5_uy_vien_ban_nu_cong_truong] => 0
    [total_hours_5_5_uy_vien_ban_nu_cong_truong] => 0
    [quantity_5_6_to_truong_to_nu_cong] => 0
    [total_hours_5_6_to_truong_to_nu_cong] => 0
    [quantity_5_7_uy_vien_bch_doan_truong] => 0
    [total_hours_5_7_uy_vien_bch_doan_truong] => 0
    [quantity_5_7_pho_bi_thu_lien_chi] => 0
    [total_hours_5_7_pho_bi_thu_lien_chi] => 0
    [quantity_5_7_uy_vien_bch_lien_chi] => 0
    [total_hours_5_7_uy_vien_bch_lien_chi] => 0
    [quantity_6_tham_gia_hoi_dong_tuyen_dung_hop_dong_lao_dong] => 0
    [total_hours_6_tham_gia_hoi_dong_tuyen_dung_hop_dong_lao_dong] => 0
    [quantity_7_tham_gia_ban_phong_chay_chua_chay_truong] => 0
    [total_hours_7_tham_gia_ban_phong_chay_chua_chay_truong] => 0
    [quantity_8_thanh_vien_hoi_dong_du_gio] => 0
    [total_hours_8_thanh_vien_hoi_dong_du_gio] => 0
    [selected_tasks] => Array
        (
            [0] => 9_uy_vien_bch_hoi_cuu_chien_binh_truong
        )

    [quantity_9_uy_vien_bch_hoi_cuu_chien_binh_truong] => 12
    [total_hours_9_uy_vien_bch_hoi_cuu_chien_binh_truong] => 216.00
)
Array
(
    [year] => 2025
    [quantity_1_chu_tich_thu_ky_hoi_dong_khoa_hoc_dao_tao] => 0
    [total_hours_1_chu_tich_thu_ky_hoi_dong_khoa_hoc_dao_tao] => 0
    [quantity_1_uy_vien_hoi_dong_khoa_hoc_dao_tao] => 0
    [total_hours_1_uy_vien_hoi_dong_khoa_hoc_dao_tao] => 0
    [quantity_2_chu_tich_thu_ky_hoi_dong_khoa] => 0
    [total_hours_2_chu_tich_thu_ky_hoi_dong_khoa] => 0
    [quantity_2_uy_vien_hoi_dong_khoa] => 0
    [total_hours_2_uy_vien_hoi_dong_khoa] => 0
    [quantity_3_chu_tich_thu_ky_hoi_dong_dam_bao_chat_luong] => 0
    [total_hours_3_chu_tich_thu_ky_hoi_dong_dam_bao_chat_luong] => 0
    [quantity_3_uy_vien_hoi_dong_dam_bao_chat_luong] => 0
    [total_hours_3_uy_vien_hoi_dong_dam_bao_chat_luong] => 0
    [quantity_4_chu_tich_pho_chu_tich_hoi_dong_danh_gia_ctdt] => 0
    [total_hours_4_chu_tich_pho_chu_tich_hoi_dong_danh_gia_ctdt] => 0
    [quantity_4_thu_ky_hoi_dong_danh_gia_ctdt] => 0
    [total_hours_4_thu_ky_hoi_dong_danh_gia_ctdt] => 0
    [quantity_4_uy_vien_hoi_dong_danh_gia_ctdt] => 0
    [total_hours_4_uy_vien_hoi_dong_danh_gia_ctdt] => 0
    [quantity_5_1_chu_nhiem_uy_ban_kiem_tra_dang_uy_truong] => 0
    [total_hours_5_1_chu_nhiem_uy_ban_kiem_tra_dang_uy_truong] => 0
    [quantity_5_1_pho_chu_nhiem_uy_ban_kiem_tra_dang_uy_truong] => 0
    [total_hours_5_1_pho_chu_nhiem_uy_ban_kiem_tra_dang_uy_truong] => 0
    [quantity_5_1_uy_vien_uy_ban_kiem_tra_dang_uy_truong] => 0
    [total_hours_5_1_uy_vien_uy_ban_kiem_tra_dang_uy_truong] => 0
    [quantity_5_2_chi_bo_duoi_20_dang_vien] => 0
    [total_hours_5_2_chi_bo_duoi_20_dang_vien] => 0
    [quantity_5_2_chi_bo_20_dang_vien_tro_len] => 0
    [total_hours_5_2_chi_bo_20_dang_vien_tro_len] => 0
    [quantity_5_2_chi_bo_40_dang_vien_tro_len] => 0
    [total_hours_5_2_chi_bo_40_dang_vien_tro_len] => 0
    [selected_tasks] => Array
        (
            [0] => 5.3_chu_nhiem_uy_ban_kiem_tra_cong_doan_truong
            [1] => 5.6_to_truong_to_nu_cong
        )

    [quantity_5_3_chu_nhiem_uy_ban_kiem_tra_cong_doan_truong] => 12
    [total_hours_5_3_chu_nhiem_uy_ban_kiem_tra_cong_doan_truong] => 540.00
    [quantity_5_3_pho_chu_nhiem_uy_ban_kiem_tra_cong_doan_truong] => 0
    [total_hours_5_3_pho_chu_nhiem_uy_ban_kiem_tra_cong_doan_truong] => 0
    [quantity_5_3_uy_vien_uy_ban_kiem_tra_cong_doan_truong] => 0
    [total_hours_5_3_uy_vien_uy_ban_kiem_tra_cong_doan_truong] => 0
    [quantity_5_4_pho_chu_nhiem_ban_thanh_tra_nhan_dan] => 0
    [total_hours_5_4_pho_chu_nhiem_ban_thanh_tra_nhan_dan] => 0
    [quantity_5_4_uy_vien_ban_thanh_tra_nhan_dan] => 0
    [total_hours_5_4_uy_vien_ban_thanh_tra_nhan_dan] => 0
    [quantity_5_5_pho_chu_nhiem_ban_nu_cong_truong] => 0
    [total_hours_5_5_pho_chu_nhiem_ban_nu_cong_truong] => 0
    [quantity_5_5_uy_vien_ban_nu_cong_truong] => 0
    [total_hours_5_5_uy_vien_ban_nu_cong_truong] => 0
    [quantity_5_6_to_truong_to_nu_cong] => 12
    [total_hours_5_6_to_truong_to_nu_cong] => 64.80
    [quantity_5_7_uy_vien_bch_doan_truong] => 0
    [total_hours_5_7_uy_vien_bch_doan_truong] => 0
    [quantity_5_7_pho_bi_thu_lien_chi] => 0
    [total_hours_5_7_pho_bi_thu_lien_chi] => 0
    [quantity_5_7_uy_vien_bch_lien_chi] => 0
    [total_hours_5_7_uy_vien_bch_lien_chi] => 0
    [quantity_6_tham_gia_hoi_dong_tuyen_dung_hop_dong_lao_dong] => 0
    [total_hours_6_tham_gia_hoi_dong_tuyen_dung_hop_dong_lao_dong] => 0
    [quantity_7_tham_gia_ban_phong_chay_chua_chay_truong] => 0
    [total_hours_7_tham_gia_ban_phong_chay_chua_chay_truong] => 0
    [quantity_8_thanh_vien_hoi_dong_du_gio] => 0
    [total_hours_8_thanh_vien_hoi_dong_du_gio] => 0
    [quantity_9_uy_vien_bch_hoi_cuu_chien_binh_truong] => 0
    [total_hours_9_uy_vien_bch_hoi_cuu_chien_binh_truong] => 0
)
Array
(
    [year] => 2025
    [quantity_1_chu_tich_thu_ky_hoi_dong_khoa_hoc_dao_tao] => 0
    [total_hours_1_chu_tich_thu_ky_hoi_dong_khoa_hoc_dao_tao] => 0
    [quantity_1_uy_vien_hoi_dong_khoa_hoc_dao_tao] => 0
    [total_hours_1_uy_vien_hoi_dong_khoa_hoc_dao_tao] => 0
    [quantity_2_chu_tich_thu_ky_hoi_dong_khoa] => 0
    [total_hours_2_chu_tich_thu_ky_hoi_dong_khoa] => 0
    [quantity_2_uy_vien_hoi_dong_khoa] => 0
    [total_hours_2_uy_vien_hoi_dong_khoa] => 0
    [quantity_3_chu_tich_thu_ky_hoi_dong_dam_bao_chat_luong] => 0
    [total_hours_3_chu_tich_thu_ky_hoi_dong_dam_bao_chat_luong] => 0
    [quantity_3_uy_vien_hoi_dong_dam_bao_chat_luong] => 0
    [total_hours_3_uy_vien_hoi_dong_dam_bao_chat_luong] => 0
    [quantity_4_chu_tich_pho_chu_tich_hoi_dong_danh_gia_ctdt] => 0
    [total_hours_4_chu_tich_pho_chu_tich_hoi_dong_danh_gia_ctdt] => 0
    [quantity_4_thu_ky_hoi_dong_danh_gia_ctdt] => 0
    [total_hours_4_thu_ky_hoi_dong_danh_gia_ctdt] => 0
    [quantity_4_uy_vien_hoi_dong_danh_gia_ctdt] => 0
    [total_hours_4_uy_vien_hoi_dong_danh_gia_ctdt] => 0
    [quantity_5_1_chu_nhiem_uy_ban_kiem_tra_dang_uy_truong] => 0
    [total_hours_5_1_chu_nhiem_uy_ban_kiem_tra_dang_uy_truong] => 0
    [quantity_5_1_pho_chu_nhiem_uy_ban_kiem_tra_dang_uy_truong] => 0
    [total_hours_5_1_pho_chu_nhiem_uy_ban_kiem_tra_dang_uy_truong] => 0
    [quantity_5_1_uy_vien_uy_ban_kiem_tra_dang_uy_truong] => 0
    [total_hours_5_1_uy_vien_uy_ban_kiem_tra_dang_uy_truong] => 0
    [quantity_5_2_chi_bo_duoi_20_dang_vien] => 0
    [total_hours_5_2_chi_bo_duoi_20_dang_vien] => 0
    [quantity_5_2_chi_bo_20_dang_vien_tro_len] => 0
    [total_hours_5_2_chi_bo_20_dang_vien_tro_len] => 0
    [quantity_5_2_chi_bo_40_dang_vien_tro_len] => 0
    [total_hours_5_2_chi_bo_40_dang_vien_tro_len] => 0
    [selected_tasks] => Array
        (
            [0] => 5.3_chu_nhiem_uy_ban_kiem_tra_cong_doan_truong
            [1] => 5.6_to_truong_to_nu_cong
            [2] => 9_uy_vien_bch_hoi_cuu_chien_binh_truong
        )

    [quantity_5_3_chu_nhiem_uy_ban_kiem_tra_cong_doan_truong] => 12
    [total_hours_5_3_chu_nhiem_uy_ban_kiem_tra_cong_doan_truong] => 540.00
    [quantity_5_3_pho_chu_nhiem_uy_ban_kiem_tra_cong_doan_truong] => 0
    [total_hours_5_3_pho_chu_nhiem_uy_ban_kiem_tra_cong_doan_truong] => 0
    [quantity_5_3_uy_vien_uy_ban_kiem_tra_cong_doan_truong] => 0
    [total_hours_5_3_uy_vien_uy_ban_kiem_tra_cong_doan_truong] => 0
    [quantity_5_4_pho_chu_nhiem_ban_thanh_tra_nhan_dan] => 0
    [total_hours_5_4_pho_chu_nhiem_ban_thanh_tra_nhan_dan] => 0
    [quantity_5_4_uy_vien_ban_thanh_tra_nhan_dan] => 0
    [total_hours_5_4_uy_vien_ban_thanh_tra_nhan_dan] => 0
    [quantity_5_5_pho_chu_nhiem_ban_nu_cong_truong] => 0
    [total_hours_5_5_pho_chu_nhiem_ban_nu_cong_truong] => 0
    [quantity_5_5_uy_vien_ban_nu_cong_truong] => 0
    [total_hours_5_5_uy_vien_ban_nu_cong_truong] => 0
    [quantity_5_6_to_truong_to_nu_cong] => 12
    [total_hours_5_6_to_truong_to_nu_cong] => 64.80
    [quantity_5_7_uy_vien_bch_doan_truong] => 0
    [total_hours_5_7_uy_vien_bch_doan_truong] => 0
    [quantity_5_7_pho_bi_thu_lien_chi] => 0
    [total_hours_5_7_pho_bi_thu_lien_chi] => 0
    [quantity_5_7_uy_vien_bch_lien_chi] => 0
    [total_hours_5_7_uy_vien_bch_lien_chi] => 0
    [quantity_6_tham_gia_hoi_dong_tuyen_dung_hop_dong_lao_dong] => 0
    [total_hours_6_tham_gia_hoi_dong_tuyen_dung_hop_dong_lao_dong] => 0
    [quantity_7_tham_gia_ban_phong_chay_chua_chay_truong] => 0
    [total_hours_7_tham_gia_ban_phong_chay_chua_chay_truong] => 0
    [quantity_8_thanh_vien_hoi_dong_du_gio] => 0
    [total_hours_8_thanh_vien_hoi_dong_du_gio] => 0
    [quantity_9_uy_vien_bch_hoi_cuu_chien_binh_truong] => 12
    [total_hours_9_uy_vien_bch_hoi_cuu_chien_binh_truong] => 216.00
)
Array
(
    [year] => 2025
    [quantity_1_chu_tich_thu_ky_hoi_dong_khoa_hoc_dao_tao] => 0
    [total_hours_1_chu_tich_thu_ky_hoi_dong_khoa_hoc_dao_tao] => 0
    [quantity_1_uy_vien_hoi_dong_khoa_hoc_dao_tao] => 0
    [total_hours_1_uy_vien_hoi_dong_khoa_hoc_dao_tao] => 0
    [quantity_2_chu_tich_thu_ky_hoi_dong_khoa] => 0
    [total_hours_2_chu_tich_thu_ky_hoi_dong_khoa] => 0
    [quantity_2_uy_vien_hoi_dong_khoa] => 0
    [total_hours_2_uy_vien_hoi_dong_khoa] => 0
    [quantity_3_chu_tich_thu_ky_hoi_dong_dam_bao_chat_luong] => 0
    [total_hours_3_chu_tich_thu_ky_hoi_dong_dam_bao_chat_luong] => 0
    [quantity_3_uy_vien_hoi_dong_dam_bao_chat_luong] => 0
    [total_hours_3_uy_vien_hoi_dong_dam_bao_chat_luong] => 0
    [quantity_4_chu_tich_pho_chu_tich_hoi_dong_danh_gia_ctdt] => 0
    [total_hours_4_chu_tich_pho_chu_tich_hoi_dong_danh_gia_ctdt] => 0
    [quantity_4_thu_ky_hoi_dong_danh_gia_ctdt] => 0
    [total_hours_4_thu_ky_hoi_dong_danh_gia_ctdt] => 0
    [quantity_4_uy_vien_hoi_dong_danh_gia_ctdt] => 0
    [total_hours_4_uy_vien_hoi_dong_danh_gia_ctdt] => 0
    [quantity_5_1_chu_nhiem_uy_ban_kiem_tra_dang_uy_truong] => 0
    [total_hours_5_1_chu_nhiem_uy_ban_kiem_tra_dang_uy_truong] => 0
    [quantity_5_1_pho_chu_nhiem_uy_ban_kiem_tra_dang_uy_truong] => 0
    [total_hours_5_1_pho_chu_nhiem_uy_ban_kiem_tra_dang_uy_truong] => 0
    [quantity_5_1_uy_vien_uy_ban_kiem_tra_dang_uy_truong] => 0
    [total_hours_5_1_uy_vien_uy_ban_kiem_tra_dang_uy_truong] => 0
    [quantity_5_2_chi_bo_duoi_20_dang_vien] => 0
    [total_hours_5_2_chi_bo_duoi_20_dang_vien] => 0
    [quantity_5_2_chi_bo_20_dang_vien_tro_len] => 0
    [total_hours_5_2_chi_bo_20_dang_vien_tro_len] => 0
    [quantity_5_2_chi_bo_40_dang_vien_tro_len] => 0
    [total_hours_5_2_chi_bo_40_dang_vien_tro_len] => 0
    [quantity_5_3_chu_nhiem_uy_ban_kiem_tra_cong_doan_truong] => 0
    [total_hours_5_3_chu_nhiem_uy_ban_kiem_tra_cong_doan_truong] => 0
    [quantity_5_3_pho_chu_nhiem_uy_ban_kiem_tra_cong_doan_truong] => 0
    [total_hours_5_3_pho_chu_nhiem_uy_ban_kiem_tra_cong_doan_truong] => 0
    [quantity_5_3_uy_vien_uy_ban_kiem_tra_cong_doan_truong] => 0
    [total_hours_5_3_uy_vien_uy_ban_kiem_tra_cong_doan_truong] => 0
    [quantity_5_4_pho_chu_nhiem_ban_thanh_tra_nhan_dan] => 0
    [total_hours_5_4_pho_chu_nhiem_ban_thanh_tra_nhan_dan] => 0
    [quantity_5_4_uy_vien_ban_thanh_tra_nhan_dan] => 0
    [total_hours_5_4_uy_vien_ban_thanh_tra_nhan_dan] => 0
    [quantity_5_5_pho_chu_nhiem_ban_nu_cong_truong] => 0
    [total_hours_5_5_pho_chu_nhiem_ban_nu_cong_truong] => 0
    [quantity_5_5_uy_vien_ban_nu_cong_truong] => 0
    [total_hours_5_5_uy_vien_ban_nu_cong_truong] => 0
    [selected_tasks] => Array
        (
            [0] => 5.6_to_truong_to_nu_cong
        )

    [quantity_5_6_to_truong_to_nu_cong] => 3
    [total_hours_5_6_to_truong_to_nu_cong] => 16.20
    [quantity_5_7_uy_vien_bch_doan_truong] => 0
    [total_hours_5_7_uy_vien_bch_doan_truong] => 0
    [quantity_5_7_pho_bi_thu_lien_chi] => 0
    [total_hours_5_7_pho_bi_thu_lien_chi] => 0
    [quantity_5_7_uy_vien_bch_lien_chi] => 0
    [total_hours_5_7_uy_vien_bch_lien_chi] => 0
    [quantity_6_tham_gia_hoi_dong_tuyen_dung_hop_dong_lao_dong] => 0
    [total_hours_6_tham_gia_hoi_dong_tuyen_dung_hop_dong_lao_dong] => 0
    [quantity_7_tham_gia_ban_phong_chay_chua_chay_truong] => 0
    [total_hours_7_tham_gia_ban_phong_chay_chua_chay_truong] => 0
    [quantity_8_thanh_vien_hoi_dong_du_gio] => 0
    [total_hours_8_thanh_vien_hoi_dong_du_gio] => 0
    [quantity_9_uy_vien_bch_hoi_cuu_chien_binh_truong] => 0
    [total_hours_9_uy_vien_bch_hoi_cuu_chien_binh_truong] => 0
)
Array
(
    [year] => 2025
    [quantity_1_chu_tich_thu_ky_hoi_dong_khoa_hoc_dao_tao] => 0
    [total_hours_1_chu_tich_thu_ky_hoi_dong_khoa_hoc_dao_tao] => 0
    [quantity_1_uy_vien_hoi_dong_khoa_hoc_dao_tao] => 0
    [total_hours_1_uy_vien_hoi_dong_khoa_hoc_dao_tao] => 0
    [quantity_2_chu_tich_thu_ky_hoi_dong_khoa] => 0
    [total_hours_2_chu_tich_thu_ky_hoi_dong_khoa] => 0
    [quantity_2_uy_vien_hoi_dong_khoa] => 0
    [total_hours_2_uy_vien_hoi_dong_khoa] => 0
    [quantity_3_chu_tich_thu_ky_hoi_dong_dam_bao_chat_luong] => 0
    [total_hours_3_chu_tich_thu_ky_hoi_dong_dam_bao_chat_luong] => 0
    [quantity_3_uy_vien_hoi_dong_dam_bao_chat_luong] => 0
    [total_hours_3_uy_vien_hoi_dong_dam_bao_chat_luong] => 0
    [quantity_4_chu_tich_pho_chu_tich_hoi_dong_danh_gia_ctdt] => 0
    [total_hours_4_chu_tich_pho_chu_tich_hoi_dong_danh_gia_ctdt] => 0
    [quantity_4_thu_ky_hoi_dong_danh_gia_ctdt] => 0
    [total_hours_4_thu_ky_hoi_dong_danh_gia_ctdt] => 0
    [quantity_4_uy_vien_hoi_dong_danh_gia_ctdt] => 0
    [total_hours_4_uy_vien_hoi_dong_danh_gia_ctdt] => 0
    [quantity_5_1_chu_nhiem_uy_ban_kiem_tra_dang_uy_truong] => 0
    [total_hours_5_1_chu_nhiem_uy_ban_kiem_tra_dang_uy_truong] => 0
    [quantity_5_1_pho_chu_nhiem_uy_ban_kiem_tra_dang_uy_truong] => 0
    [total_hours_5_1_pho_chu_nhiem_uy_ban_kiem_tra_dang_uy_truong] => 0
    [quantity_5_1_uy_vien_uy_ban_kiem_tra_dang_uy_truong] => 0
    [total_hours_5_1_uy_vien_uy_ban_kiem_tra_dang_uy_truong] => 0
    [quantity_5_2_chi_bo_duoi_20_dang_vien] => 0
    [total_hours_5_2_chi_bo_duoi_20_dang_vien] => 0
    [quantity_5_2_chi_bo_20_dang_vien_tro_len] => 0
    [total_hours_5_2_chi_bo_20_dang_vien_tro_len] => 0
    [quantity_5_2_chi_bo_40_dang_vien_tro_len] => 0
    [total_hours_5_2_chi_bo_40_dang_vien_tro_len] => 0
    [quantity_5_3_chu_nhiem_uy_ban_kiem_tra_cong_doan_truong] => 0
    [total_hours_5_3_chu_nhiem_uy_ban_kiem_tra_cong_doan_truong] => 0
    [quantity_5_3_pho_chu_nhiem_uy_ban_kiem_tra_cong_doan_truong] => 0
    [total_hours_5_3_pho_chu_nhiem_uy_ban_kiem_tra_cong_doan_truong] => 0
    [quantity_5_3_uy_vien_uy_ban_kiem_tra_cong_doan_truong] => 0
    [total_hours_5_3_uy_vien_uy_ban_kiem_tra_cong_doan_truong] => 0
    [quantity_5_4_pho_chu_nhiem_ban_thanh_tra_nhan_dan] => 0
    [total_hours_5_4_pho_chu_nhiem_ban_thanh_tra_nhan_dan] => 0
    [quantity_5_4_uy_vien_ban_thanh_tra_nhan_dan] => 0
    [total_hours_5_4_uy_vien_ban_thanh_tra_nhan_dan] => 0
    [quantity_5_5_pho_chu_nhiem_ban_nu_cong_truong] => 0
    [total_hours_5_5_pho_chu_nhiem_ban_nu_cong_truong] => 0
    [quantity_5_5_uy_vien_ban_nu_cong_truong] => 0
    [total_hours_5_5_uy_vien_ban_nu_cong_truong] => 0
    [selected_tasks] => Array
        (
            [0] => 5.6_to_truong_to_nu_cong
        )

    [quantity_5_6_to_truong_to_nu_cong] => 3
    [total_hours_5_6_to_truong_to_nu_cong] => 16.20
    [quantity_5_7_uy_vien_bch_doan_truong] => 0
    [total_hours_5_7_uy_vien_bch_doan_truong] => 0
    [quantity_5_7_pho_bi_thu_lien_chi] => 0
    [total_hours_5_7_pho_bi_thu_lien_chi] => 0
    [quantity_5_7_uy_vien_bch_lien_chi] => 0
    [total_hours_5_7_uy_vien_bch_lien_chi] => 0
    [quantity_6_tham_gia_hoi_dong_tuyen_dung_hop_dong_lao_dong] => 0
    [total_hours_6_tham_gia_hoi_dong_tuyen_dung_hop_dong_lao_dong] => 0
    [quantity_7_tham_gia_ban_phong_chay_chua_chay_truong] => 0
    [total_hours_7_tham_gia_ban_phong_chay_chua_chay_truong] => 0
    [quantity_8_thanh_vien_hoi_dong_du_gio] => 0
    [total_hours_8_thanh_vien_hoi_dong_du_gio] => 0
    [quantity_9_uy_vien_bch_hoi_cuu_chien_binh_truong] => 0
    [total_hours_9_uy_vien_bch_hoi_cuu_chien_binh_truong] => 0
)
